<?xml version="1.0" encoding="UTF-8" ?>
<testsuite tests="28" failures="0" name="nl.sogyo.mancala.BowlTest" time="0.022" errors="0" skipped="0">
  <properties>
    <property name="java.runtime.name" value="Java(TM) SE Runtime Environment"/>
    <property name="sun.boot.library.path" value="C:\Program Files\Java\jdk1.8.0_191\jre\bin"/>
    <property name="java.vm.version" value="25.191-b12"/>
    <property name="java.vm.vendor" value="Oracle Corporation"/>
    <property name="maven.multiModuleProjectDirectory" value="C:\repos\mancala"/>
    <property name="java.vendor.url" value="http://java.oracle.com/"/>
    <property name="path.separator" value=";"/>
    <property name="guice.disable.misplaced.annotation.check" value="true"/>
    <property name="java.vm.name" value="Java HotSpot(TM) 64-Bit Server VM"/>
    <property name="file.encoding.pkg" value="sun.io"/>
    <property name="user.script" value=""/>
    <property name="user.country" value="US"/>
    <property name="sun.java.launcher" value="SUN_STANDARD"/>
    <property name="sun.os.patch.level" value=""/>
    <property name="java.vm.specification.name" value="Java Virtual Machine Specification"/>
    <property name="user.dir" value="C:\repos\mancala"/>
    <property name="java.runtime.version" value="1.8.0_191-b12"/>
    <property name="java.awt.graphicsenv" value="sun.awt.Win32GraphicsEnvironment"/>
    <property name="java.endorsed.dirs" value="C:\Program Files\Java\jdk1.8.0_191\jre\lib\endorsed"/>
    <property name="os.arch" value="amd64"/>
    <property name="java.io.tmpdir" value="C:\Users\rheuvel\AppData\Local\Temp\"/>
    <property name="line.separator" value="
"/>
    <property name="java.vm.specification.vendor" value="Oracle Corporation"/>
    <property name="user.variant" value=""/>
    <property name="os.name" value="Windows 10"/>
    <property name="classworlds.conf" value="C:\apache-maven-3.5.3\bin\..\bin\m2.conf"/>
    <property name="sun.jnu.encoding" value="Cp1252"/>
    <property name="java.library.path" value="C:\Program Files\Java\jdk1.8.0_191\bin;C:\WINDOWS\Sun\Java\bin;C:\WINDOWS\system32;C:\WINDOWS;C:\Program Files\Haskell\bin;C:\Program Files\Haskell Platform\8.6.3\lib\extralibs\bin;C:\Program Files\Haskell Platform\8.6.3\bin;C:\Program Files (x86)\Common Files\Oracle\Java\javapath;C:\ProgramData\Oracle\Java\javapath;C:\WINDOWS\system32;C:\WINDOWS;C:\WINDOWS\System32\Wbem;C:\WINDOWS\System32\WindowsPowerShell\v1.0\;C:\Program Files\Git\cmd;C:\Users\kbeckers\Downloads\apache-maven-3.5.2-bin;C:\Program Files\Java\jdk1.8.0_152\bin;C:\Program Files\Microsoft SQL Server\Client SDK\ODBC\130\Tools\Binn\;C:\Program Files (x86)\Microsoft SQL Server\140\Tools\Binn\;C:\Program Files\Microsoft SQL Server\140\Tools\Binn\;C:\Program Files\Microsoft SQL Server\140\DTS\Binn\;C:\Program Files (x86)\Microsoft SQL Server\Client SDK\ODBC\130\Tools\Binn\;C:\Program Files (x86)\Microsoft SQL Server\140\DTS\Binn\;C:\Program Files (x86)\Microsoft SQL Server\140\Tools\Binn\ManagementStudio\;C:\Program Files\PuTTY\;C:\apache-maven-3.5.3\bin;C:\WINDOWS\System32\OpenSSH\;C:\Program Files (x86)\sbt\bin;C:\Program Files (x86)\scala\bin;C:\Program Files\nodejs\;C:\Program Files\erl10.2\bin\;C:\Program Files\Haskell Platform\8.6.3\mingw\bin;C:\Program Files (x86)\PuTTY\;C:\Users\rheuvel\.cargo\bin;C:\Users\rheuvel\AppData\Roaming\cabal\bin;C:\Users\rheuvel\AppData\Roaming\local\bin;C:\Ruby25-x64\bin;C:\Users\rheuvel\AppData\Local\Microsoft\WindowsApps;C:\Users\rheuvel\AppData\Roaming\npm;C:\Users\rheuvel\.lein\bin;."/>
    <property name="maven.conf" value="C:\apache-maven-3.5.3\bin\../conf"/>
    <property name="java.specification.name" value="Java Platform API Specification"/>
    <property name="java.class.version" value="52.0"/>
    <property name="sun.management.compiler" value="HotSpot 64-Bit Tiered Compilers"/>
    <property name="os.version" value="10.0"/>
    <property name="library.jansi.path" value="C:\apache-maven-3.5.3\bin\..\lib\jansi-native"/>
    <property name="user.home" value="C:\Users\rheuvel"/>
    <property name="user.timezone" value="Europe/Berlin"/>
    <property name="java.awt.printerjob" value="sun.awt.windows.WPrinterJob"/>
    <property name="java.specification.version" value="1.8"/>
    <property name="file.encoding" value="Cp1252"/>
    <property name="user.name" value="rheuvel"/>
    <property name="java.class.path" value="C:\apache-maven-3.5.3\bin\..\boot\plexus-classworlds-2.5.2.jar"/>
    <property name="java.vm.specification.version" value="1.8"/>
    <property name="sun.arch.data.model" value="64"/>
    <property name="java.home" value="C:\Program Files\Java\jdk1.8.0_191\jre"/>
    <property name="sun.java.command" value="org.codehaus.plexus.classworlds.launcher.Launcher package"/>
    <property name="java.specification.vendor" value="Oracle Corporation"/>
    <property name="user.language" value="en"/>
    <property name="awt.toolkit" value="sun.awt.windows.WToolkit"/>
    <property name="java.vm.info" value="mixed mode"/>
    <property name="java.version" value="1.8.0_191"/>
    <property name="java.ext.dirs" value="C:\Program Files\Java\jdk1.8.0_191\jre\lib\ext;C:\WINDOWS\Sun\Java\lib\ext"/>
    <property name="sun.boot.class.path" value="C:\Program Files\Java\jdk1.8.0_191\jre\lib\resources.jar;C:\Program Files\Java\jdk1.8.0_191\jre\lib\rt.jar;C:\Program Files\Java\jdk1.8.0_191\jre\lib\sunrsasign.jar;C:\Program Files\Java\jdk1.8.0_191\jre\lib\jsse.jar;C:\Program Files\Java\jdk1.8.0_191\jre\lib\jce.jar;C:\Program Files\Java\jdk1.8.0_191\jre\lib\charsets.jar;C:\Program Files\Java\jdk1.8.0_191\jre\lib\jfr.jar;C:\Program Files\Java\jdk1.8.0_191\jre\classes"/>
    <property name="sun.stderr.encoding" value="cp850"/>
    <property name="java.vendor" value="Oracle Corporation"/>
    <property name="maven.home" value="C:\apache-maven-3.5.3\bin\.."/>
    <property name="file.separator" value="\"/>
    <property name="java.vendor.url.bug" value="http://bugreport.sun.com/bugreport/"/>
    <property name="sun.cpu.endian" value="little"/>
    <property name="sun.io.unicode.encoding" value="UnicodeLittle"/>
    <property name="sun.stdout.encoding" value="cp850"/>
    <property name="sun.desktop" value="windows"/>
    <property name="sun.cpu.isalist" value="amd64"/>
  </properties>
  <testcase classname="nl.sogyo.mancala.BowlTest" name="testGameOverWithOpponentBowlsEmpty" time="0.007"/>
  <testcase classname="nl.sogyo.mancala.BowlTest" name="testGameWonByPlayer1" time="0.004"/>
  <testcase classname="nl.sogyo.mancala.BowlTest" name="testGameWonByPlayer2" time="0"/>
  <testcase classname="nl.sogyo.mancala.BowlTest" name="testPutLastSeedInOwnKalaha" time="0.001"/>
  <testcase classname="nl.sogyo.mancala.BowlTest" name="testGameOverWithOwnBowlsEmpty" time="0.005"/>
  <testcase classname="nl.sogyo.mancala.BowlTest" name="testGettingNeighbourAcrossFromOtherSide" time="0"/>
  <testcase classname="nl.sogyo.mancala.BowlTest" name="testCannotStealFromSelf" time="0"/>
  <testcase classname="nl.sogyo.mancala.BowlTest" name="testGameIsDraw" time="0"/>
  <testcase classname="nl.sogyo.mancala.BowlTest" name="testDoFirstTurnOnRightBowl" time="0.001"/>
  <testcase classname="nl.sogyo.mancala.BowlTest" name="testStealingFromTurn" time="0"/>
  <testcase classname="nl.sogyo.mancala.BowlTest" name="testEndGameByPlayer2WithPlayer1BowlsEmpty" time="0"/>
  <testcase classname="nl.sogyo.mancala.BowlTest" name="testEndGameByPlayer1" time="0"/>
  <testcase classname="nl.sogyo.mancala.BowlTest" name="testEndGameByPlayer2" time="0.001"/>
  <testcase classname="nl.sogyo.mancala.BowlTest" name="testEndGameByPlayer1WithPlayer2BowlsEmpty" time="0"/>
  <testcase classname="nl.sogyo.mancala.BowlTest" name="testMoveSeedsFromEmptyBowl" time="0"/>
  <testcase classname="nl.sogyo.mancala.BowlTest" name="testDoFirstTurnOnWrongBowl" time="0.001"/>
  <testcase classname="nl.sogyo.mancala.BowlTest" name="testCanStealFromEmptyNeighbourAcross" time="0"/>
  <testcase classname="nl.sogyo.mancala.BowlTest" name="testDistributeSeedsOverOwnKalaha" time="0.001"/>
  <testcase classname="nl.sogyo.mancala.BowlTest" name="testDistributeSeedsOverOpponentKalaha" time="0"/>
  <testcase classname="nl.sogyo.mancala.BowlTest" name="testCanStealFromFullNeighbourAcross" time="0"/>
  <testcase classname="nl.sogyo.mancala.BowlTest" name="testGameOverWithOwnBowlsFull" time="0"/>
  <testcase classname="nl.sogyo.mancala.BowlTest" name="testCreateNewBowl" time="0"/>
  <testcase classname="nl.sogyo.mancala.BowlTest" name="testMoveSeeds" time="0"/>
  <testcase classname="nl.sogyo.mancala.BowlTest" name="testCreateNewKalaha" time="0"/>
  <testcase classname="nl.sogyo.mancala.BowlTest" name="testGetNeighbours" time="0.001"/>
  <testcase classname="nl.sogyo.mancala.BowlTest" name="testStealingFromFullNeighbourAcross" time="0"/>
  <testcase classname="nl.sogyo.mancala.BowlTest" name="testGetWinnerWhenGameNotEnded" time="0"/>
  <testcase classname="nl.sogyo.mancala.BowlTest" name="testGettingNeighbourAcross" time="0"/>
</testsuite>